<!DOCTYPE html>
<html>
<head>
<meta http-equiv="Content-Type" content="text/html; charset=utf-8"/>
<meta http-equiv="x-ua-compatible" content="IE=edge"/>
<title>Test results - BuyTurCvcCodTest</title>
<link href="../css/base-style.css" rel="stylesheet" type="text/css"/>
<link href="../css/style.css" rel="stylesheet" type="text/css"/>
<script src="../js/report.js" type="text/javascript"></script>
</head>
<body>
<div id="content">
<h1>BuyTurCvcCodTest</h1>
<div class="breadcrumbs">
<a href="../index.html">all</a> &gt; 
<a href="../packages/test.html">test</a> &gt; BuyTurCvcCodTest</div>
<div id="summary">
<table>
<tr>
<td>
<div class="summaryGroup">
<table>
<tr>
<td>
<div class="infoBox" id="tests">
<div class="counter">7</div>
<p>tests</p>
</div>
</td>
<td>
<div class="infoBox" id="failures">
<div class="counter">6</div>
<p>failures</p>
</div>
</td>
<td>
<div class="infoBox" id="ignored">
<div class="counter">0</div>
<p>ignored</p>
</div>
</td>
<td>
<div class="infoBox" id="duration">
<div class="counter">35.060s</div>
<p>duration</p>
</div>
</td>
</tr>
</table>
</div>
</td>
<td>
<div class="infoBox failures" id="successRate">
<div class="percent">14%</div>
<p>successful</p>
</div>
</td>
</tr>
</table>
</div>
<div id="tabs">
<ul class="tabLinks">
<li>
<a href="#tab0">Failed tests</a>
</li>
<li>
<a href="#tab1">Tests</a>
</li>
<li>
<a href="#tab2">Standard error</a>
</li>
</ul>
<div id="tab0" class="tab">
<h2>Failed tests</h2>
<div class="test">
<a name="buyTourForEmptyOnCardCvcCod()"></a>
<h3 class="failures">Приобретение тура в приложении оплачивая картой вводя не валидные пустые значения cvc/cvv</h3>
<span class="code">
<pre>Element should be exact text &quot;Неверный формат&quot; {span [class=&quot;input__sub&quot;][0]}
Element: '&lt;span class=&quot;input__sub&quot;&gt;Поле обязательно для заполнения&lt;/span&gt;'
Actual value: text=&quot;Поле обязательно для заполнения&quot;
Screenshot: file:/C:/Users/User/Desktop/ItogDiplom/build/reports/tests/1694978531260.2.png
Page source: file:/C:/Users/User/Desktop/ItogDiplom/build/reports/tests/1694978531260.2.html
Timeout: 4 s.
	at app//com.codeborne.selenide.impl.WebElementSource.handleError(WebElementSource.java:149)
	at app//com.codeborne.selenide.impl.WebElementSource.checkConditionAndReturnElement(WebElementSource.java:127)
	at app//com.codeborne.selenide.impl.WebElementSource.checkCondition(WebElementSource.java:104)
	at app//com.codeborne.selenide.commands.Should.execute(Should.java:30)
	at app//com.codeborne.selenide.commands.Should.execute(Should.java:14)
	at app//com.codeborne.selenide.commands.Commands.execute(Commands.java:163)
	at app//com.codeborne.selenide.impl.SelenideElementProxy.dispatchAndRetry(SelenideElementProxy.java:132)
	at app//com.codeborne.selenide.impl.SelenideElementProxy.invoke(SelenideElementProxy.java:84)
	at app//com.sun.proxy.$Proxy20.shouldBe(Unknown Source)
	at app//page.DayTripBuyPage.clickCheckError(DayTripBuyPage.java:70)
	at app//test.BuyTurCvcCodTest.buyTourForEmptyOnCardCvcCod(BuyTurCvcCodTest.java:76)
	at java.base@11.0.20.1/java.lang.reflect.Method.invoke(Method.java:566)
	at java.base@11.0.20.1/java.util.ArrayList.forEach(ArrayList.java:1541)
	at java.base@11.0.20.1/java.util.ArrayList.forEach(ArrayList.java:1541)
</pre>
</span>
</div>
<div class="test">
<a name="buyTourForLongOnCardCvcCod()"></a>
<h3 class="failures">Приобретение тура в приложении оплачивая картой вводя не валидные большее значения cvc/cvv</h3>
<span class="code">
<pre>Element not found {span [class=&quot;input__sub&quot;][0]}
Expected: visible
Screenshot: file:/C:/Users/User/Desktop/ItogDiplom/build/reports/tests/1694978525615.1.png
Page source: file:/C:/Users/User/Desktop/ItogDiplom/build/reports/tests/1694978525615.1.html
Timeout: 4 s.
Caused by: NoSuchElementException: no such element: Unable to locate element: {&quot;method&quot;:&quot;css selector&quot;,&quot;selector&quot;:&quot;span [class=&quot;input__sub&quot;]&quot;}
	at app//com.codeborne.selenide.impl.CollectionElement.createElementNotFoundError(CollectionElement.java:61)
	at app//com.codeborne.selenide.impl.WebElementSource.handleError(WebElementSource.java:143)
	at app//com.codeborne.selenide.impl.WebElementSource.checkConditionAndReturnElement(WebElementSource.java:127)
	at app//com.codeborne.selenide.impl.WebElementSource.checkCondition(WebElementSource.java:104)
	at app//com.codeborne.selenide.commands.Should.execute(Should.java:30)
	at app//com.codeborne.selenide.commands.Should.execute(Should.java:14)
	at app//com.codeborne.selenide.commands.Commands.execute(Commands.java:163)
	at app//com.codeborne.selenide.impl.SelenideElementProxy.dispatchAndRetry(SelenideElementProxy.java:132)
	at app//com.codeborne.selenide.impl.SelenideElementProxy.invoke(SelenideElementProxy.java:84)
	at app//com.sun.proxy.$Proxy20.shouldBe(Unknown Source)
	at app//page.DayTripBuyPage.clickCheckError(DayTripBuyPage.java:70)
	at app//test.BuyTurCvcCodTest.buyTourForLongOnCardCvcCod(BuyTurCvcCodTest.java:100)
	at java.base@11.0.20.1/java.lang.reflect.Method.invoke(Method.java:566)
	at java.base@11.0.20.1/java.util.ArrayList.forEach(ArrayList.java:1541)
	at java.base@11.0.20.1/java.util.ArrayList.forEach(ArrayList.java:1541)
Caused by: org.openqa.selenium.NoSuchElementException: no such element: Unable to locate element: {&quot;method&quot;:&quot;css selector&quot;,&quot;selector&quot;:&quot;span [class=&quot;input__sub&quot;]&quot;}
  (Session info: chrome=116.0.5845.188)
For documentation on this error, please visit: https://www.selenium.dev/documentation/webdriver/troubleshooting/errors#no-such-element-exception
Build info: version: '4.11.0', revision: '040bc5406b'
System info: os.name: 'Windows 10', os.arch: 'amd64', os.version: '10.0', java.version: '11.0.20.1'
Driver info: org.openqa.selenium.chrome.ChromeDriver
Command: [3681f125eab2fa419afd014e3bf61748, findElement {using=css selector, value=span [class=&quot;input__sub&quot;]}]
Capabilities {acceptInsecureCerts: true, browserName: chrome, browserVersion: 116.0.5845.188, chrome: {chromedriverVersion: 116.0.5845.96 (1a3918166880..., userDataDir: C:\Users\User\AppData\Local...}, fedcm:accounts: true, goog:chromeOptions: {debuggerAddress: localhost:58706}, networkConnectionEnabled: false, pageLoadStrategy: normal, platformName: windows, proxy: Proxy(), se:cdp: ws://localhost:58706/devtoo..., se:cdpVersion: 116.0.5845.188, setWindowRect: true, strictFileInteractability: false, timeouts: {implicit: 0, pageLoad: 300000, script: 30000}, unhandledPromptBehavior: accept, webauthn:extension:credBlob: true, webauthn:extension:largeBlob: true, webauthn:extension:minPinLength: true, webauthn:extension:prf: true, webauthn:virtualAuthenticators: true}
Session ID: 3681f125eab2fa419afd014e3bf61748
	at jdk.internal.reflect.GeneratedConstructorAccessor14.newInstance(Unknown Source)
	at java.base@11.0.20.1/jdk.internal.reflect.DelegatingConstructorAccessorImpl.newInstance(DelegatingConstructorAccessorImpl.java:45)
	at java.base@11.0.20.1/java.lang.reflect.Constructor.newInstance(Constructor.java:490)
	at app//org.openqa.selenium.remote.codec.w3c.W3CHttpResponseCodec.createException(W3CHttpResponseCodec.java:200)
	at app//org.openqa.selenium.remote.codec.w3c.W3CHttpResponseCodec.decode(W3CHttpResponseCodec.java:133)
	at app//org.openqa.selenium.remote.codec.w3c.W3CHttpResponseCodec.decode(W3CHttpResponseCodec.java:52)
	at app//org.openqa.selenium.remote.HttpCommandExecutor.execute(HttpCommandExecutor.java:191)
	at app//org.openqa.selenium.remote.service.DriverCommandExecutor.invokeExecute(DriverCommandExecutor.java:196)
	at app//org.openqa.selenium.remote.service.DriverCommandExecutor.execute(DriverCommandExecutor.java:171)
	at app//org.openqa.selenium.remote.RemoteWebDriver.execute(RemoteWebDriver.java:518)
	at app//org.openqa.selenium.remote.ElementLocation$ElementFinder$2.findElement(ElementLocation.java:165)
	at app//org.openqa.selenium.remote.ElementLocation.findElement(ElementLocation.java:59)
	at app//org.openqa.selenium.remote.RemoteWebDriver.findElement(RemoteWebDriver.java:355)
	at app//org.openqa.selenium.remote.RemoteWebDriver.findElement(RemoteWebDriver.java:349)
	at app//com.codeborne.selenide.impl.WebElementSelector.findElement(WebElementSelector.java:70)
	at app//com.codeborne.selenide.impl.WebElementSelector.findElement(WebElementSelector.java:44)
	at app//com.codeborne.selenide.impl.WebElementSelector.findElement(WebElementSelector.java:33)
	at app//com.codeborne.selenide.impl.BySelectorCollection.getElement(BySelectorCollection.java:47)
	at app//com.codeborne.selenide.impl.CollectionElement.getWebElement(CollectionElement.java:46)
	at app//com.codeborne.selenide.impl.WebElementSource.checkConditionAndReturnElement(WebElementSource.java:116)
	... 12 more
</pre>
</span>
</div>
<div class="test">
<a name="buyTourForSignOnCardCvcCod()"></a>
<h3 class="failures">Приобретение тура в приложении оплачивая картой вводя не валидные знаки в значения cvc/cvv</h3>
<span class="code">
<pre>Element should be exact text &quot;Неверный формат&quot; {span [class=&quot;input__sub&quot;][0]}
Element: '&lt;span class=&quot;input__sub&quot;&gt;Поле обязательно для заполнения&lt;/span&gt;'
Actual value: text=&quot;Поле обязательно для заполнения&quot;
Screenshot: file:/C:/Users/User/Desktop/ItogDiplom/build/reports/tests/1694978536725.3.png
Page source: file:/C:/Users/User/Desktop/ItogDiplom/build/reports/tests/1694978536725.3.html
Timeout: 4 s.
	at app//com.codeborne.selenide.impl.WebElementSource.handleError(WebElementSource.java:149)
	at app//com.codeborne.selenide.impl.WebElementSource.checkConditionAndReturnElement(WebElementSource.java:127)
	at app//com.codeborne.selenide.impl.WebElementSource.checkCondition(WebElementSource.java:104)
	at app//com.codeborne.selenide.commands.Should.execute(Should.java:30)
	at app//com.codeborne.selenide.commands.Should.execute(Should.java:14)
	at app//com.codeborne.selenide.commands.Commands.execute(Commands.java:163)
	at app//com.codeborne.selenide.impl.SelenideElementProxy.dispatchAndRetry(SelenideElementProxy.java:132)
	at app//com.codeborne.selenide.impl.SelenideElementProxy.invoke(SelenideElementProxy.java:84)
	at app//com.sun.proxy.$Proxy20.shouldBe(Unknown Source)
	at app//page.DayTripBuyPage.clickCheckError(DayTripBuyPage.java:70)
	at app//test.BuyTurCvcCodTest.buyTourForSignOnCardCvcCod(BuyTurCvcCodTest.java:64)
	at java.base@11.0.20.1/java.lang.reflect.Method.invoke(Method.java:566)
	at java.base@11.0.20.1/java.util.ArrayList.forEach(ArrayList.java:1541)
	at java.base@11.0.20.1/java.util.ArrayList.forEach(ArrayList.java:1541)
</pre>
</span>
</div>
<div class="test">
<a name="buyTourForSpaceOnCardCvcCod()"></a>
<h3 class="failures">Приобретение тура в приложении оплачивая картой вводя не валидный пробел в значения cvc/cvv</h3>
<span class="code">
<pre>Element should be exact text &quot;Неверный формат&quot; {span [class=&quot;input__sub&quot;][0]}
Element: '&lt;span class=&quot;input__sub&quot;&gt;Поле обязательно для заполнения&lt;/span&gt;'
Actual value: text=&quot;Поле обязательно для заполнения&quot;
Screenshot: file:/C:/Users/User/Desktop/ItogDiplom/build/reports/tests/1694978542181.4.png
Page source: file:/C:/Users/User/Desktop/ItogDiplom/build/reports/tests/1694978542181.4.html
Timeout: 4 s.
	at app//com.codeborne.selenide.impl.WebElementSource.handleError(WebElementSource.java:149)
	at app//com.codeborne.selenide.impl.WebElementSource.checkConditionAndReturnElement(WebElementSource.java:127)
	at app//com.codeborne.selenide.impl.WebElementSource.checkCondition(WebElementSource.java:104)
	at app//com.codeborne.selenide.commands.Should.execute(Should.java:30)
	at app//com.codeborne.selenide.commands.Should.execute(Should.java:14)
	at app//com.codeborne.selenide.commands.Commands.execute(Commands.java:163)
	at app//com.codeborne.selenide.impl.SelenideElementProxy.dispatchAndRetry(SelenideElementProxy.java:132)
	at app//com.codeborne.selenide.impl.SelenideElementProxy.invoke(SelenideElementProxy.java:84)
	at app//com.sun.proxy.$Proxy20.shouldBe(Unknown Source)
	at app//page.DayTripBuyPage.clickCheckError(DayTripBuyPage.java:70)
	at app//test.BuyTurCvcCodTest.buyTourForSpaceOnCardCvcCod(BuyTurCvcCodTest.java:112)
	at java.base@11.0.20.1/java.lang.reflect.Method.invoke(Method.java:566)
	at java.base@11.0.20.1/java.util.ArrayList.forEach(ArrayList.java:1541)
	at java.base@11.0.20.1/java.util.ArrayList.forEach(ArrayList.java:1541)
</pre>
</span>
</div>
<div class="test">
<a name="buyTourForSymbolOnCardCvcCod()"></a>
<h3 class="failures">Приобретение тура в приложении оплачивая картой вводя не валидные символьные значения cvc/cvv</h3>
<span class="code">
<pre>Element should be exact text &quot;Неверный формат&quot; {span [class=&quot;input__sub&quot;][0]}
Element: '&lt;span class=&quot;input__sub&quot;&gt;Поле обязательно для заполнения&lt;/span&gt;'
Actual value: text=&quot;Поле обязательно для заполнения&quot;
Screenshot: file:/C:/Users/User/Desktop/ItogDiplom/build/reports/tests/1694978520116.0.png
Page source: file:/C:/Users/User/Desktop/ItogDiplom/build/reports/tests/1694978520116.0.html
Timeout: 4 s.
	at app//com.codeborne.selenide.impl.WebElementSource.handleError(WebElementSource.java:149)
	at app//com.codeborne.selenide.impl.WebElementSource.checkConditionAndReturnElement(WebElementSource.java:127)
	at app//com.codeborne.selenide.impl.WebElementSource.checkCondition(WebElementSource.java:104)
	at app//com.codeborne.selenide.commands.Should.execute(Should.java:30)
	at app//com.codeborne.selenide.commands.Should.execute(Should.java:14)
	at app//com.codeborne.selenide.commands.Commands.execute(Commands.java:163)
	at app//com.codeborne.selenide.impl.SelenideElementProxy.dispatchAndRetry(SelenideElementProxy.java:132)
	at app//com.codeborne.selenide.impl.SelenideElementProxy.invoke(SelenideElementProxy.java:84)
	at app//com.sun.proxy.$Proxy20.shouldBe(Unknown Source)
	at app//page.DayTripBuyPage.clickCheckError(DayTripBuyPage.java:70)
	at app//test.BuyTurCvcCodTest.buyTourForSymbolOnCardCvcCod(BuyTurCvcCodTest.java:52)
	at java.base@11.0.20.1/java.lang.reflect.Method.invoke(Method.java:566)
	at java.base@11.0.20.1/java.util.ArrayList.forEach(ArrayList.java:1541)
	at java.base@11.0.20.1/java.util.ArrayList.forEach(ArrayList.java:1541)
</pre>
</span>
</div>
<div class="test">
<a name="buyTourForTextOnCardCvcCod()"></a>
<h3 class="failures">Приобретение тура в приложении оплачивая картой вводя не валидные текстовые значения cvc/cvv</h3>
<span class="code">
<pre>Element should be exact text &quot;Неверный формат&quot; {span [class=&quot;input__sub&quot;][0]}
Element: '&lt;span class=&quot;input__sub&quot;&gt;Поле обязательно для заполнения&lt;/span&gt;'
Actual value: text=&quot;Поле обязательно для заполнения&quot;
Screenshot: file:/C:/Users/User/Desktop/ItogDiplom/build/reports/tests/1694978547549.5.png
Page source: file:/C:/Users/User/Desktop/ItogDiplom/build/reports/tests/1694978547549.5.html
Timeout: 4 s.
	at app//com.codeborne.selenide.impl.WebElementSource.handleError(WebElementSource.java:149)
	at app//com.codeborne.selenide.impl.WebElementSource.checkConditionAndReturnElement(WebElementSource.java:127)
	at app//com.codeborne.selenide.impl.WebElementSource.checkCondition(WebElementSource.java:104)
	at app//com.codeborne.selenide.commands.Should.execute(Should.java:30)
	at app//com.codeborne.selenide.commands.Should.execute(Should.java:14)
	at app//com.codeborne.selenide.commands.Commands.execute(Commands.java:163)
	at app//com.codeborne.selenide.impl.SelenideElementProxy.dispatchAndRetry(SelenideElementProxy.java:132)
	at app//com.codeborne.selenide.impl.SelenideElementProxy.invoke(SelenideElementProxy.java:84)
	at app//com.sun.proxy.$Proxy20.shouldBe(Unknown Source)
	at app//page.DayTripBuyPage.clickCheckError(DayTripBuyPage.java:70)
	at app//test.BuyTurCvcCodTest.buyTourForTextOnCardCvcCod(BuyTurCvcCodTest.java:40)
	at java.base@11.0.20.1/java.lang.reflect.Method.invoke(Method.java:566)
	at java.base@11.0.20.1/java.util.ArrayList.forEach(ArrayList.java:1541)
	at java.base@11.0.20.1/java.util.ArrayList.forEach(ArrayList.java:1541)
</pre>
</span>
</div>
</div>
<div id="tab1" class="tab">
<h2>Tests</h2>
<table>
<thead>
<tr>
<th>Test</th>
<th>Method name</th>
<th>Duration</th>
<th>Result</th>
</tr>
</thead>
<tr>
<td class="success">Приобретение тура в приложении оплачивая картой вводя не валидную одну цифру в значения cvc/cvv</td>
<td class="success">buyTourForCyrillicOnCardCvcCod()</td>
<td class="success">2.216s</td>
<td class="success">passed</td>
</tr>
<tr>
<td class="failures">Приобретение тура в приложении оплачивая картой вводя не валидные пустые значения cvc/cvv</td>
<td class="failures">buyTourForEmptyOnCardCvcCod()</td>
<td class="failures">5.599s</td>
<td class="failures">failed</td>
</tr>
<tr>
<td class="failures">Приобретение тура в приложении оплачивая картой вводя не валидные большее значения cvc/cvv</td>
<td class="failures">buyTourForLongOnCardCvcCod()</td>
<td class="failures">5.445s</td>
<td class="failures">failed</td>
</tr>
<tr>
<td class="failures">Приобретение тура в приложении оплачивая картой вводя не валидные знаки в значения cvc/cvv</td>
<td class="failures">buyTourForSignOnCardCvcCod()</td>
<td class="failures">5.453s</td>
<td class="failures">failed</td>
</tr>
<tr>
<td class="failures">Приобретение тура в приложении оплачивая картой вводя не валидный пробел в значения cvc/cvv</td>
<td class="failures">buyTourForSpaceOnCardCvcCod()</td>
<td class="failures">5.427s</td>
<td class="failures">failed</td>
</tr>
<tr>
<td class="failures">Приобретение тура в приложении оплачивая картой вводя не валидные символьные значения cvc/cvv</td>
<td class="failures">buyTourForSymbolOnCardCvcCod()</td>
<td class="failures">5.553s</td>
<td class="failures">failed</td>
</tr>
<tr>
<td class="failures">Приобретение тура в приложении оплачивая картой вводя не валидные текстовые значения cvc/cvv</td>
<td class="failures">buyTourForTextOnCardCvcCod()</td>
<td class="failures">5.367s</td>
<td class="failures">failed</td>
</tr>
</table>
</div>
<div id="tab2" class="tab">
<h2>Standard error</h2>
<span class="code">
<pre>[Test worker] INFO com.codeborne.selenide.impl.WebDriverThreadLocalContainer - No webdriver is bound to current thread: 1 - let's create a new webdriver
[Test worker] INFO com.codeborne.selenide.impl.FileHelper - Creating folder: C:\Users\User\Desktop\ItogDiplom\build\downloads\1694978508509_11792_1
[Test worker] INFO com.codeborne.selenide.webdriver.SelenideNettyClientFactory - Changed readTimeout from PT3M to PT1M30S
[Test worker] INFO com.codeborne.selenide.webdriver.SelenideNettyClientFactory - Changed readTimeout from PT3M to PT1M30S
сент. 17, 2023 10:21:52 PM org.openqa.selenium.devtools.CdpVersionFinder findNearestMatch
WARNING: Unable to find an exact match for CDP version 116, so returning the closest version found: 115
[Test worker] INFO com.codeborne.selenide.webdriver.WebDriverFactory - BrowserName=chrome Version=116.0.5845.188 Platform=windows
[Test worker] INFO com.codeborne.selenide.webdriver.WebDriverFactory - Selenide v. 6.17.1
[Test worker] INFO com.codeborne.selenide.webdriver.WebDriverFactory - Selenium WebDriver v. 4.11.0 build revision: 040bc5406b
[Test worker] INFO com.codeborne.selenide.drivercommands.CreateDriverCommand - Created webdriver in thread 1: ChromeDriver -&gt; ChromeDriver: chrome on windows (3681f125eab2fa419afd014e3bf61748)
[Test worker] INFO com.codeborne.selenide.drivercommands.DisposablesRegistry - Register WebDriverInstance[config=StaticConfig,webDriver=ChromeDriver: chrome on windows (3681f125eab2fa419afd014e3bf61748),proxy=null,downloadsFolder=C:\Users\User\Desktop\ItogDiplom\build\downloads\1694978508509_11792_1] in 1 [size=1]
[Test worker] INFO com.codeborne.selenide.drivercommands.DisposablesRegistry - Add shutdown hook in 1 [size=1]
</pre>
</span>
</div>
</div>
<div id="footer">
<p>
<div>
<label class="hidden" id="label-for-line-wrapping-toggle" for="line-wrapping-toggle">Wrap lines
<input id="line-wrapping-toggle" type="checkbox" autocomplete="off"/>
</label>
</div>Generated by 
<a href="http://www.gradle.org">Gradle 7.5.1</a> at 17 сент. 2023 г., 22:27:32</p>
</div>
</div>
</body>
</html>
