<!DOCTYPE html>
<html>
<head>
<meta http-equiv="Content-Type" content="text/html; charset=utf-8"/>
<meta http-equiv="x-ua-compatible" content="IE=edge"/>
<title>Test results - TurBDSQLTest</title>
<link href="../css/base-style.css" rel="stylesheet" type="text/css"/>
<link href="../css/style.css" rel="stylesheet" type="text/css"/>
<script src="../js/report.js" type="text/javascript"></script>
</head>
<body>
<div id="content">
<h1>TurBDSQLTest</h1>
<div class="breadcrumbs">
<a href="../index.html">all</a> &gt; 
<a href="../packages/test.html">test</a> &gt; TurBDSQLTest</div>
<div id="summary">
<table>
<tr>
<td>
<div class="summaryGroup">
<table>
<tr>
<td>
<div class="infoBox" id="tests">
<div class="counter">4</div>
<p>tests</p>
</div>
</td>
<td>
<div class="infoBox" id="failures">
<div class="counter">2</div>
<p>failures</p>
</div>
</td>
<td>
<div class="infoBox" id="ignored">
<div class="counter">0</div>
<p>ignored</p>
</div>
</td>
<td>
<div class="infoBox" id="duration">
<div class="counter">47.735s</div>
<p>duration</p>
</div>
</td>
</tr>
</table>
</div>
</td>
<td>
<div class="infoBox failures" id="successRate">
<div class="percent">50%</div>
<p>successful</p>
</div>
</td>
</tr>
</table>
</div>
<div id="tabs">
<ul class="tabLinks">
<li>
<a href="#tab0">Failed tests</a>
</li>
<li>
<a href="#tab1">Tests</a>
</li>
</ul>
<div id="tab0" class="tab">
<h2>Failed tests</h2>
<div class="test">
<a name="buyTourCredCardDeclinedCheckDBTest()"></a>
<h3 class="failures">Приобретение тура в приложении в кредит по данным карты с статусом отклонен и сверка с базой</h3>
<span class="code">
<pre>Element should be exact text &quot;Ошибка!
Банк отказал в проведении операции.&quot; {[class*=&quot;notification notification_visible&quot;]}
Element: '&lt;div class=&quot;notification notification_visible notification_status_ok notification_has-closer notification_stick-to_right notification_theme_alfa-on-white&quot;&gt;Успешно
Операция одобрена Банком.&lt;/div&gt;'
Actual value: text=&quot;Успешно
Операция одобрена Банком.&quot;
Screenshot: file:/C:/Users/User/Desktop/ItogDiplom/build/reports/tests/1694978851613.41.png
Page source: file:/C:/Users/User/Desktop/ItogDiplom/build/reports/tests/1694978851613.41.html
Timeout: 15 s.
	at app//com.codeborne.selenide.impl.WebElementSource.handleError(WebElementSource.java:149)
	at app//com.codeborne.selenide.impl.WebElementSource.checkConditionAndReturnElement(WebElementSource.java:127)
	at app//com.codeborne.selenide.impl.WebElementSource.checkCondition(WebElementSource.java:104)
	at app//com.codeborne.selenide.commands.Should.execute(Should.java:30)
	at app//com.codeborne.selenide.commands.Should.execute(Should.java:14)
	at app//com.codeborne.selenide.commands.Commands.execute(Commands.java:163)
	at app//com.codeborne.selenide.impl.SelenideElementProxy.dispatchAndRetry(SelenideElementProxy.java:132)
	at app//com.codeborne.selenide.impl.SelenideElementProxy.invoke(SelenideElementProxy.java:84)
	at app//com.sun.proxy.$Proxy20.shouldBe(Unknown Source)
	at app//page.DayTripBuyPage.clickSendCheckMess(DayTripBuyPage.java:64)
	at app//test.TurBDSQLTest.buyTourCredCardDeclinedCheckDBTest(TurBDSQLTest.java:102)
	at java.base@11.0.20.1/java.lang.reflect.Method.invoke(Method.java:566)
	at java.base@11.0.20.1/java.util.ArrayList.forEach(ArrayList.java:1541)
	at java.base@11.0.20.1/java.util.ArrayList.forEach(ArrayList.java:1541)
</pre>
</span>
</div>
<div class="test">
<a name="buyTourForCardDeclinedCheckDBTest()"></a>
<h3 class="failures">Приобретение тура в приложении оплачивая картой с статусом отклонен и сверка с базой</h3>
<span class="code">
<pre>Element not found {[class*=&quot;notification notification_visible&quot;]}
Expected: exact text &quot;Ошибка!
Банк отказал в проведении операции.&quot;
Screenshot: file:/C:/Users/User/Desktop/ItogDiplom/build/reports/tests/1694978820504.40.png
Page source: file:/C:/Users/User/Desktop/ItogDiplom/build/reports/tests/1694978820504.40.html
Timeout: 15 s.
Caused by: NoSuchElementException: no such element: Unable to locate element: {&quot;method&quot;:&quot;css selector&quot;,&quot;selector&quot;:&quot;[class*=&quot;notification notification_visible&quot;]&quot;}
	at app//com.codeborne.selenide.impl.WebElementSource.createElementNotFoundError(WebElementSource.java:91)
	at app//com.codeborne.selenide.impl.ElementFinder.createElementNotFoundError(ElementFinder.java:142)
	at app//com.codeborne.selenide.impl.WebElementSource.handleError(WebElementSource.java:143)
	at app//com.codeborne.selenide.impl.WebElementSource.checkConditionAndReturnElement(WebElementSource.java:127)
	at app//com.codeborne.selenide.impl.WebElementSource.checkCondition(WebElementSource.java:104)
	at app//com.codeborne.selenide.commands.Should.execute(Should.java:30)
	at app//com.codeborne.selenide.commands.Should.execute(Should.java:14)
	at app//com.codeborne.selenide.commands.Commands.execute(Commands.java:163)
	at app//com.codeborne.selenide.impl.SelenideElementProxy.dispatchAndRetry(SelenideElementProxy.java:132)
	at app//com.codeborne.selenide.impl.SelenideElementProxy.invoke(SelenideElementProxy.java:84)
	at app//com.sun.proxy.$Proxy20.shouldBe(Unknown Source)
	at app//page.DayTripBuyPage.clickSendCheckMess(DayTripBuyPage.java:64)
	at app//test.TurBDSQLTest.buyTourForCardDeclinedCheckDBTest(TurBDSQLTest.java:64)
	at java.base@11.0.20.1/java.lang.reflect.Method.invoke(Method.java:566)
	at java.base@11.0.20.1/java.util.ArrayList.forEach(ArrayList.java:1541)
	at java.base@11.0.20.1/java.util.ArrayList.forEach(ArrayList.java:1541)
Caused by: org.openqa.selenium.NoSuchElementException: no such element: Unable to locate element: {&quot;method&quot;:&quot;css selector&quot;,&quot;selector&quot;:&quot;[class*=&quot;notification notification_visible&quot;]&quot;}
  (Session info: chrome=116.0.5845.188)
For documentation on this error, please visit: https://www.selenium.dev/documentation/webdriver/troubleshooting/errors#no-such-element-exception
Build info: version: '4.11.0', revision: '040bc5406b'
System info: os.name: 'Windows 10', os.arch: 'amd64', os.version: '10.0', java.version: '11.0.20.1'
Driver info: org.openqa.selenium.chrome.ChromeDriver
Command: [3681f125eab2fa419afd014e3bf61748, findElement {using=css selector, value=[class*=&quot;notification notification_visible&quot;]}]
Capabilities {acceptInsecureCerts: true, browserName: chrome, browserVersion: 116.0.5845.188, chrome: {chromedriverVersion: 116.0.5845.96 (1a3918166880..., userDataDir: C:\Users\User\AppData\Local...}, fedcm:accounts: true, goog:chromeOptions: {debuggerAddress: localhost:58706}, networkConnectionEnabled: false, pageLoadStrategy: normal, platformName: windows, proxy: Proxy(), se:cdp: ws://localhost:58706/devtoo..., se:cdpVersion: 116.0.5845.188, setWindowRect: true, strictFileInteractability: false, timeouts: {implicit: 0, pageLoad: 300000, script: 30000}, unhandledPromptBehavior: accept, webauthn:extension:credBlob: true, webauthn:extension:largeBlob: true, webauthn:extension:minPinLength: true, webauthn:extension:prf: true, webauthn:virtualAuthenticators: true}
Session ID: 3681f125eab2fa419afd014e3bf61748
	at jdk.internal.reflect.GeneratedConstructorAccessor14.newInstance(Unknown Source)
	at java.base@11.0.20.1/jdk.internal.reflect.DelegatingConstructorAccessorImpl.newInstance(DelegatingConstructorAccessorImpl.java:45)
	at java.base@11.0.20.1/java.lang.reflect.Constructor.newInstance(Constructor.java:490)
	at app//org.openqa.selenium.remote.codec.w3c.W3CHttpResponseCodec.createException(W3CHttpResponseCodec.java:200)
	at app//org.openqa.selenium.remote.codec.w3c.W3CHttpResponseCodec.decode(W3CHttpResponseCodec.java:133)
	at app//org.openqa.selenium.remote.codec.w3c.W3CHttpResponseCodec.decode(W3CHttpResponseCodec.java:52)
	at app//org.openqa.selenium.remote.HttpCommandExecutor.execute(HttpCommandExecutor.java:191)
	at app//org.openqa.selenium.remote.service.DriverCommandExecutor.invokeExecute(DriverCommandExecutor.java:196)
	at app//org.openqa.selenium.remote.service.DriverCommandExecutor.execute(DriverCommandExecutor.java:171)
	at app//org.openqa.selenium.remote.RemoteWebDriver.execute(RemoteWebDriver.java:518)
	at app//org.openqa.selenium.remote.ElementLocation$ElementFinder$2.findElement(ElementLocation.java:165)
	at app//org.openqa.selenium.remote.ElementLocation.findElement(ElementLocation.java:59)
	at app//org.openqa.selenium.remote.RemoteWebDriver.findElement(RemoteWebDriver.java:355)
	at app//org.openqa.selenium.remote.RemoteWebDriver.findElement(RemoteWebDriver.java:349)
	at app//com.codeborne.selenide.impl.WebElementSelector.findElement(WebElementSelector.java:70)
	at app//com.codeborne.selenide.impl.WebElementSelector.findElement(WebElementSelector.java:44)
	at app//com.codeborne.selenide.impl.WebElementSelector.findElement(WebElementSelector.java:33)
	at app//com.codeborne.selenide.impl.ElementFinder.getWebElement(ElementFinder.java:122)
	at app//com.codeborne.selenide.impl.WebElementSource.checkConditionAndReturnElement(WebElementSource.java:116)
	... 12 more
</pre>
</span>
</div>
</div>
<div id="tab1" class="tab">
<h2>Tests</h2>
<table>
<thead>
<tr>
<th>Test</th>
<th>Method name</th>
<th>Duration</th>
<th>Result</th>
</tr>
</thead>
<tr>
<td class="success">Приобретение тура в приложении в кредит по данным карты с статусом одобрен и сверка с базой</td>
<td class="success">buyTourCredCardApprovedCheckDBTest()</td>
<td class="success">7.475s</td>
<td class="success">passed</td>
</tr>
<tr>
<td class="failures">Приобретение тура в приложении в кредит по данным карты с статусом отклонен и сверка с базой</td>
<td class="failures">buyTourCredCardDeclinedCheckDBTest()</td>
<td class="failures">16.253s</td>
<td class="failures">failed</td>
</tr>
<tr>
<td class="success">Приобретение тура в приложении оплачивая картой с статусом одобрен и сверка с базой</td>
<td class="success">buyTourForCardApprovedCheckDBTest()</td>
<td class="success">7.346s</td>
<td class="success">passed</td>
</tr>
<tr>
<td class="failures">Приобретение тура в приложении оплачивая картой с статусом отклонен и сверка с базой</td>
<td class="failures">buyTourForCardDeclinedCheckDBTest()</td>
<td class="failures">16.661s</td>
<td class="failures">failed</td>
</tr>
</table>
</div>
</div>
<div id="footer">
<p>
<div>
<label class="hidden" id="label-for-line-wrapping-toggle" for="line-wrapping-toggle">Wrap lines
<input id="line-wrapping-toggle" type="checkbox" autocomplete="off"/>
</label>
</div>Generated by 
<a href="http://www.gradle.org">Gradle 7.5.1</a> at 17 сент. 2023 г., 22:27:32</p>
</div>
</div>
</body>
</html>
